2024-11-20T14:08:44.587+0100 [DEBUG] [org.gradle.launcher.daemon.bootstrap.DaemonMain] Assuming the daemon was started with following jvm opts: [--add-opens=java.base/java.util=ALL-UNNAMED, --add-opens=java.base/java.lang=ALL-UNNAMED, --add-opens=java.base/java.lang.invoke=ALL-UNNAMED, --add-opens=java.prefs/java.util.prefs=ALL-UNNAMED, --add-opens=java.base/java.nio.charset=ALL-UNNAMED, --add-opens=java.base/java.net=ALL-UNNAMED, --add-opens=java.base/java.util.concurrent.atomic=ALL-UNNAMED, -Xmx2048m, -Dfile.encoding=UTF-8, -Duser.country=ES, -Duser.language=es, -Duser.variant]
2024-11-20T14:08:44.821+0100 [INFO] [org.gradle.launcher.daemon.server.Daemon] start() called on daemon - DefaultDaemonContext[uid=960df965-301b-49d8-8913-daaf30880ef9,javaHome=/Applications/Android Studio.app/Contents/jbr/Contents/Home,daemonRegistryDir=/Users/lipasava/Documents/Asignaturas/LDM/2024-2025/Mis Clases/Noviembre/Clase 201124/EjemploJuegoPiratas/gradle/daemon,pid=13160,idleTimeout=10800000,priority=NORMAL,applyInstrumentationAgent=true,daemonOpts=--add-opens=java.base/java.util=ALL-UNNAMED,--add-opens=java.base/java.lang=ALL-UNNAMED,--add-opens=java.base/java.lang.invoke=ALL-UNNAMED,--add-opens=java.prefs/java.util.prefs=ALL-UNNAMED,--add-opens=java.base/java.nio.charset=ALL-UNNAMED,--add-opens=java.base/java.net=ALL-UNNAMED,--add-opens=java.base/java.util.concurrent.atomic=ALL-UNNAMED,-Xmx2048m,-Dfile.encoding=UTF-8,-Duser.country=ES,-Duser.language=es,-Duser.variant]
2024-11-20T14:08:44.866+0100 [DEBUG] [org.gradle.internal.remote.internal.inet.InetAddresses] Adding IP addresses for network interface utun3
2024-11-20T14:08:44.867+0100 [DEBUG] [org.gradle.internal.remote.internal.inet.InetAddresses] Is this a loopback interface? false
2024-11-20T14:08:44.867+0100 [DEBUG] [org.gradle.internal.remote.internal.inet.InetAddresses] Adding remote address /fe80:0:0:0:ce81:b1c:bd2c:69e%utun3
2024-11-20T14:08:44.868+0100 [DEBUG] [org.gradle.internal.remote.internal.inet.InetAddresses] Adding IP addresses for network interface utun2
2024-11-20T14:08:44.868+0100 [DEBUG] [org.gradle.internal.remote.internal.inet.InetAddresses] Is this a loopback interface? false
2024-11-20T14:08:44.868+0100 [DEBUG] [org.gradle.internal.remote.internal.inet.InetAddresses] Adding remote address /fe80:0:0:0:4efc:2d20:44fd:f0dc%utun2
2024-11-20T14:08:44.869+0100 [DEBUG] [org.gradle.internal.remote.internal.inet.InetAddresses] Adding IP addresses for network interface utun1
2024-11-20T14:08:44.869+0100 [DEBUG] [org.gradle.internal.remote.internal.inet.InetAddresses] Is this a loopback interface? false
2024-11-20T14:08:44.869+0100 [DEBUG] [org.gradle.internal.remote.internal.inet.InetAddresses] Adding remote address /fe80:0:0:0:60e4:43f:9938:89dc%utun1
2024-11-20T14:08:44.869+0100 [DEBUG] [org.gradle.internal.remote.internal.inet.InetAddresses] Adding IP addresses for network interface utun0
2024-11-20T14:08:44.870+0100 [DEBUG] [org.gradle.internal.remote.internal.inet.InetAddresses] Is this a loopback interface? false
2024-11-20T14:08:44.870+0100 [DEBUG] [org.gradle.internal.remote.internal.inet.InetAddresses] Adding remote address /fe80:0:0:0:ed8e:3159:2288:190b%utun0
2024-11-20T14:08:44.870+0100 [DEBUG] [org.gradle.internal.remote.internal.inet.InetAddresses] Adding IP addresses for network interface llw0
2024-11-20T14:08:44.871+0100 [DEBUG] [org.gradle.internal.remote.internal.inet.InetAddresses] Is this a loopback interface? false
2024-11-20T14:08:44.872+0100 [DEBUG] [org.gradle.internal.remote.internal.inet.InetAddresses] Adding remote address /fe80:0:0:0:8024:31ff:fef6:f18%llw0
2024-11-20T14:08:44.872+0100 [DEBUG] [org.gradle.internal.remote.internal.inet.InetAddresses] Adding IP addresses for network interface awdl0
2024-11-20T14:08:44.872+0100 [DEBUG] [org.gradle.internal.remote.internal.inet.InetAddresses] Is this a loopback interface? false
2024-11-20T14:08:44.873+0100 [DEBUG] [org.gradle.internal.remote.internal.inet.InetAddresses] Adding remote address /fe80:0:0:0:8024:31ff:fef6:f18%awdl0
2024-11-20T14:08:44.873+0100 [DEBUG] [org.gradle.internal.remote.internal.inet.InetAddresses] Adding IP addresses for network interface en0
2024-11-20T14:08:44.876+0100 [DEBUG] [org.gradle.internal.remote.internal.inet.InetAddresses] Is this a loopback interface? false
2024-11-20T14:08:44.876+0100 [DEBUG] [org.gradle.internal.remote.internal.inet.InetAddresses] Adding remote address /fe80:0:0:0:476:203c:1a40:e070%en0
2024-11-20T14:08:44.876+0100 [DEBUG] [org.gradle.internal.remote.internal.inet.InetAddresses] Adding remote address /192.168.1.35
2024-11-20T14:08:44.876+0100 [DEBUG] [org.gradle.internal.remote.internal.inet.InetAddresses] Adding IP addresses for network interface lo0
2024-11-20T14:08:44.877+0100 [DEBUG] [org.gradle.internal.remote.internal.inet.InetAddresses] Is this a loopback interface? true
2024-11-20T14:08:44.877+0100 [DEBUG] [org.gradle.internal.remote.internal.inet.InetAddresses] Ignoring remote address on loopback interface /fe80:0:0:0:0:0:0:1%lo0
2024-11-20T14:08:44.877+0100 [DEBUG] [org.gradle.internal.remote.internal.inet.InetAddresses] Adding loopback address /0:0:0:0:0:0:0:1%lo0
2024-11-20T14:08:44.878+0100 [DEBUG] [org.gradle.internal.remote.internal.inet.InetAddresses] Adding loopback address /127.0.0.1
2024-11-20T14:08:44.884+0100 [DEBUG] [org.gradle.internal.remote.internal.inet.TcpIncomingConnector] Listening on [2c6de5fc-c19a-43ec-88ba-8249fdcbadd1 port:56195, addresses:[localhost/127.0.0.1]].
2024-11-20T14:08:44.902+0100 [DEBUG] [org.gradle.launcher.daemon.server.Daemon] Daemon starting at: Wed Nov 20 14:08:44 CET 2024, with address: [2c6de5fc-c19a-43ec-88ba-8249fdcbadd1 port:56195, addresses:[localhost/127.0.0.1]]
2024-11-20T14:08:44.903+0100 [INFO] [org.gradle.launcher.daemon.server.DaemonRegistryUpdater] Advertising the daemon address to the clients: [2c6de5fc-c19a-43ec-88ba-8249fdcbadd1 port:56195, addresses:[localhost/127.0.0.1]]
2024-11-20T14:08:44.904+0100 [DEBUG] [org.gradle.launcher.daemon.server.DaemonRegistryUpdater] Advertised daemon context: DefaultDaemonContext[uid=960df965-301b-49d8-8913-daaf30880ef9,javaHome=/Applications/Android Studio.app/Contents/jbr/Contents/Home,daemonRegistryDir=/Users/lipasava/Documents/Asignaturas/LDM/2024-2025/Mis Clases/Noviembre/Clase 201124/EjemploJuegoPiratas/gradle/daemon,pid=13160,idleTimeout=10800000,priority=NORMAL,applyInstrumentationAgent=true,daemonOpts=--add-opens=java.base/java.util=ALL-UNNAMED,--add-opens=java.base/java.lang=ALL-UNNAMED,--add-opens=java.base/java.lang.invoke=ALL-UNNAMED,--add-opens=java.prefs/java.util.prefs=ALL-UNNAMED,--add-opens=java.base/java.nio.charset=ALL-UNNAMED,--add-opens=java.base/java.net=ALL-UNNAMED,--add-opens=java.base/java.util.concurrent.atomic=ALL-UNNAMED,-Xmx2048m,-Dfile.encoding=UTF-8,-Duser.country=ES,-Duser.language=es,-Duser.variant]
2024-11-20T14:08:44.905+0100 [DEBUG] [org.gradle.launcher.daemon.registry.PersistentDaemonRegistry] Storing daemon address: [2c6de5fc-c19a-43ec-88ba-8249fdcbadd1 port:56195, addresses:[localhost/127.0.0.1]], context: DefaultDaemonContext[uid=960df965-301b-49d8-8913-daaf30880ef9,javaHome=/Applications/Android Studio.app/Contents/jbr/Contents/Home,daemonRegistryDir=/Users/lipasava/Documents/Asignaturas/LDM/2024-2025/Mis Clases/Noviembre/Clase 201124/EjemploJuegoPiratas/gradle/daemon,pid=13160,idleTimeout=10800000,priority=NORMAL,applyInstrumentationAgent=true,daemonOpts=--add-opens=java.base/java.util=ALL-UNNAMED,--add-opens=java.base/java.lang=ALL-UNNAMED,--add-opens=java.base/java.lang.invoke=ALL-UNNAMED,--add-opens=java.prefs/java.util.prefs=ALL-UNNAMED,--add-opens=java.base/java.nio.charset=ALL-UNNAMED,--add-opens=java.base/java.net=ALL-UNNAMED,--add-opens=java.base/java.util.concurrent.atomic=ALL-UNNAMED,-Xmx2048m,-Dfile.encoding=UTF-8,-Duser.country=ES,-Duser.language=es,-Duser.variant]
2024-11-20T14:08:44.930+0100 [DEBUG] [org.gradle.cache.internal.DefaultFileLockManager] Waiting to acquire exclusive lock on daemon addresses registry.
2024-11-20T14:08:44.938+0100 [DEBUG] [org.gradle.cache.internal.DefaultFileLockManager] Lock acquired on daemon addresses registry.
2024-11-20T14:08:44.946+0100 [DEBUG] [org.gradle.cache.internal.DefaultFileLockManager] Releasing lock on daemon addresses registry.
2024-11-20T14:08:44.947+0100 [LIFECYCLE] [org.gradle.launcher.daemon.server.Daemon] Daemon server started.
2024-11-20T14:08:44.948+0100 [DEBUG] [org.gradle.launcher.daemon.bootstrap.DaemonStartupCommunication] Completed writing the daemon greeting. Closing streams...
2024-11-20T14:08:44.953+0100 [DEBUG] [org.gradle.launcher.daemon.server.Daemon] stopOnExpiration() called on daemon
2024-11-20T14:08:44.953+0100 [DEBUG] [org.gradle.launcher.daemon.server.Daemon] awaitExpiration() called on daemon
2024-11-20T14:08:44.954+0100 [DEBUG] [org.gradle.launcher.daemon.server.DaemonStateCoordinator] daemon is running. Sleeping until state changes.
2024-11-20T14:08:45.006+0100 [DEBUG] [org.gradle.internal.remote.internal.inet.TcpIncomingConnector] Accepted connection from /127.0.0.1:56196 to /127.0.0.1:56195.
2024-11-20T14:08:45.098+0100 [DEBUG] [org.gradle.launcher.daemon.server.SynchronizedDispatchConnection] thread 21: received class org.gradle.launcher.daemon.protocol.Build
2024-11-20T14:08:45.098+0100 [DEBUG] [org.gradle.launcher.daemon.server.DefaultDaemonConnection] thread 21: Received non-IO message from client: Build{id=6fbf9d94-3f43-41e9-82bc-f871a0bde57c, currentDir=/Users/lipasava/Desktop/EjemploJuegoPiratas}
2024-11-20T14:08:45.099+0100 [INFO] [org.gradle.launcher.daemon.server.DefaultIncomingConnectionHandler] Received command: Build{id=6fbf9d94-3f43-41e9-82bc-f871a0bde57c, currentDir=/Users/lipasava/Desktop/EjemploJuegoPiratas}.
2024-11-20T14:08:45.099+0100 [DEBUG] [org.gradle.launcher.daemon.server.DefaultIncomingConnectionHandler] Starting executing command: Build{id=6fbf9d94-3f43-41e9-82bc-f871a0bde57c, currentDir=/Users/lipasava/Desktop/EjemploJuegoPiratas} with connection: socket connection from /127.0.0.1:56195 to /127.0.0.1:56196.
2024-11-20T14:08:45.100+0100 [DEBUG] [org.gradle.launcher.daemon.server.DaemonStateCoordinator] Command execution: started DaemonCommandExecution[command = Build{id=6fbf9d94-3f43-41e9-82bc-f871a0bde57c, currentDir=/Users/lipasava/Desktop/EjemploJuegoPiratas}, connection = DefaultDaemonConnection: socket connection from /127.0.0.1:56195 to /127.0.0.1:56196] after 0.0 minutes of idle
2024-11-20T14:08:45.101+0100 [INFO] [org.gradle.launcher.daemon.server.DaemonRegistryUpdater] Marking the daemon as busy, address: [2c6de5fc-c19a-43ec-88ba-8249fdcbadd1 port:56195, addresses:[localhost/127.0.0.1]]
2024-11-20T14:08:45.101+0100 [DEBUG] [org.gradle.launcher.daemon.registry.PersistentDaemonRegistry] Marking busy by address: [2c6de5fc-c19a-43ec-88ba-8249fdcbadd1 port:56195, addresses:[localhost/127.0.0.1]]
2024-11-20T14:08:45.102+0100 [DEBUG] [org.gradle.cache.internal.DefaultFileLockManager] Waiting to acquire exclusive lock on daemon addresses registry.
2024-11-20T14:08:45.103+0100 [DEBUG] [org.gradle.cache.internal.DefaultFileLockManager] Lock acquired on daemon addresses registry.
2024-11-20T14:08:45.107+0100 [DEBUG] [org.gradle.cache.internal.DefaultFileLockManager] Releasing lock on daemon addresses registry.
2024-11-20T14:08:45.108+0100 [DEBUG] [org.gradle.launcher.daemon.server.DaemonStateCoordinator] resetting idle timer
2024-11-20T14:08:45.109+0100 [DEBUG] [org.gradle.launcher.daemon.server.DaemonStateCoordinator] daemon is running. Sleeping until state changes.
2024-11-20T14:08:45.109+0100 [INFO] [org.gradle.launcher.daemon.server.exec.StartBuildOrRespondWithBusy] Daemon is about to start building Build{id=6fbf9d94-3f43-41e9-82bc-f871a0bde57c, currentDir=/Users/lipasava/Desktop/EjemploJuegoPiratas}. Dispatching build started information...
2024-11-20T14:08:45.109+0100 [DEBUG] [org.gradle.launcher.daemon.server.SynchronizedDispatchConnection] thread 23: dispatching org.gradle.launcher.daemon.protocol.BuildStarted@36dbd615
2024-11-20T14:08:45.111+0100 [DEBUG] [org.gradle.launcher.daemon.server.exec.EstablishBuildEnvironment] Configuring env variables: [PATH, __CFBundleIdentifier, SHELL, IJ_RESTARTER_LOG, OLDPWD, USER, COMMAND_MODE, TMPDIR, SSH_AUTH_SOCK, XPC_FLAGS, __CF_USER_TEXT_ENCODING, LOGNAME, LC_CTYPE, XPC_SERVICE_NAME, HOME]
2024-11-20T14:08:45.115+0100 [DEBUG] [org.gradle.launcher.daemon.server.exec.LogToClient] About to start relaying all logs to the client via the connection.
2024-11-20T14:08:45.115+0100 [INFO] [org.gradle.launcher.daemon.server.exec.LogToClient] The client will now receive all logging from the daemon (pid: 13160). The daemon log file: /Users/lipasava/Documents/Asignaturas/LDM/2024-2025/Mis Clases/Noviembre/Clase 201124/EjemploJuegoPiratas/gradle/daemon/8.7/daemon-13160.out.log
2024-11-20T14:08:45.116+0100 [DEBUG] [org.gradle.launcher.daemon.server.SynchronizedDispatchConnection] thread 21: received class org.gradle.launcher.daemon.protocol.CloseInput
2024-11-20T14:08:45.116+0100 [DEBUG] [org.gradle.launcher.daemon.server.DefaultDaemonConnection] thread 21: Received IO message from client: org.gradle.launcher.daemon.protocol.CloseInput@4f02faea
2024-11-20T14:08:45.117+0100 [INFO] [org.gradle.launcher.daemon.server.exec.LogAndCheckHealth] Starting build in new daemon [memory: 2 GiB]
2024-11-20T14:08:45.118+0100 [INFO] [org.gradle.launcher.daemon.server.exec.ForwardClientInput] Closing daemon's stdin at end of input.
2024-11-20T14:08:45.118+0100 [INFO] [org.gradle.launcher.daemon.server.exec.ForwardClientInput] The daemon will no longer process any standard input.
2024-11-20T14:08:45.118+0100 [DEBUG] [org.gradle.launcher.daemon.server.exec.ExecuteBuild] The daemon has started executing the build.
2024-11-20T14:08:45.121+0100 [DEBUG] [org.gradle.launcher.daemon.server.exec.ExecuteBuild] Executing build with daemon context: DefaultDaemonContext[uid=960df965-301b-49d8-8913-daaf30880ef9,javaHome=/Applications/Android Studio.app/Contents/jbr/Contents/Home,daemonRegistryDir=/Users/lipasava/Documents/Asignaturas/LDM/2024-2025/Mis Clases/Noviembre/Clase 201124/EjemploJuegoPiratas/gradle/daemon,pid=13160,idleTimeout=10800000,priority=NORMAL,applyInstrumentationAgent=true,daemonOpts=--add-opens=java.base/java.util=ALL-UNNAMED,--add-opens=java.base/java.lang=ALL-UNNAMED,--add-opens=java.base/java.lang.invoke=ALL-UNNAMED,--add-opens=java.prefs/java.util.prefs=ALL-UNNAMED,--add-opens=java.base/java.nio.charset=ALL-UNNAMED,--add-opens=java.base/java.net=ALL-UNNAMED,--add-opens=java.base/java.util.concurrent.atomic=ALL-UNNAMED,-Xmx2048m,-Dfile.encoding=UTF-8,-Duser.country=ES,-Duser.language=es,-Duser.variant]

BUILD SUCCESSFUL in 29s
2024-11-20T14:09:12.010+0100 [DEBUG] [org.gradle.launcher.daemon.server.exec.ExecuteBuild] The daemon has finished executing the build.
2024-11-20T14:09:12.033+0100 [DEBUG] [org.gradle.launcher.daemon.server.DaemonStateCoordinator] daemon is running. Sleeping until state changes.
2024-11-20T14:09:12.040+0100 [DEBUG] [org.gradle.launcher.daemon.server.DaemonStateCoordinator] Command execution: finished waiting for DaemonCommandExecution[command = Build{id=6fbf9d94-3f43-41e9-82bc-f871a0bde57c, currentDir=/Users/lipasava/Desktop/EjemploJuegoPiratas}, connection = DefaultDaemonConnection: socket connection from /127.0.0.1:56195 to /127.0.0.1:56196]. Result org.gradle.launcher.daemon.server.DaemonStateCoordinator@603d3202 with state Busy
2024-11-20T14:09:12.041+0100 [DEBUG] [org.gradle.launcher.daemon.server.DaemonStateCoordinator] Command execution: completed DaemonCommandExecution[command = Build{id=6fbf9d94-3f43-41e9-82bc-f871a0bde57c, currentDir=/Users/lipasava/Desktop/EjemploJuegoPiratas}, connection = DefaultDaemonConnection: socket connection from /127.0.0.1:56195 to /127.0.0.1:56196]
2024-11-20T14:09:12.042+0100 [DEBUG] [org.gradle.launcher.daemon.server.DaemonStateCoordinator] resetting idle timer
2024-11-20T14:09:12.042+0100 [INFO] [org.gradle.launcher.daemon.server.DaemonRegistryUpdater] Marking the daemon as idle, address: [2c6de5fc-c19a-43ec-88ba-8249fdcbadd1 port:56195, addresses:[localhost/127.0.0.1]]
2024-11-20T14:09:12.043+0100 [DEBUG] [org.gradle.launcher.daemon.registry.PersistentDaemonRegistry] Marking busy by address: [2c6de5fc-c19a-43ec-88ba-8249fdcbadd1 port:56195, addresses:[localhost/127.0.0.1]]
2024-11-20T14:09:12.047+0100 [DEBUG] [org.gradle.cache.internal.DefaultFileLockManager] Waiting to acquire exclusive lock on daemon addresses registry.
2024-11-20T14:09:12.049+0100 [DEBUG] [org.gradle.cache.internal.DefaultFileLockManager] Lock acquired on daemon addresses registry.
2024-11-20T14:09:12.052+0100 [DEBUG] [org.gradle.cache.internal.DefaultFileLockManager] Releasing lock on daemon addresses registry.
2024-11-20T14:09:12.057+0100 [DEBUG] [org.gradle.launcher.daemon.server.exec.ReturnResult] Daemon is dispatching the build result: Success[value=org.gradle.launcher.exec.BuildActionResult@4ae18b2]
2024-11-20T14:09:12.059+0100 [DEBUG] [org.gradle.launcher.daemon.server.DaemonStateCoordinator] daemon is running. Sleeping until state changes.
2024-11-20T14:09:12.062+0100 [DEBUG] [org.gradle.launcher.daemon.server.SynchronizedDispatchConnection] thread 20: dispatching Success[value=org.gradle.launcher.exec.BuildActionResult@4ae18b2]
2024-11-20T14:09:12.067+0100 [DEBUG] [org.gradle.launcher.daemon.server.SynchronizedDispatchConnection] thread 21: received class org.gradle.launcher.daemon.protocol.Finished
2024-11-20T14:09:12.069+0100 [DEBUG] [org.gradle.launcher.daemon.server.DefaultIncomingConnectionHandler] Finishing executing command: Build{id=6fbf9d94-3f43-41e9-82bc-f871a0bde57c, currentDir=/Users/lipasava/Desktop/EjemploJuegoPiratas}
2024-11-20T14:09:12.067+0100 [DEBUG] [org.gradle.launcher.daemon.server.exec.CleanUpVirtualFileSystemAfterBuild] Cleaning virtual file system after build finished
2024-11-20T14:09:12.071+0100 [DEBUG] [org.gradle.launcher.daemon.server.DefaultDaemonConnection] thread 21: Received non-IO message from client: org.gradle.launcher.daemon.protocol.Finished@5185ff68
2024-11-20T14:09:12.073+0100 [DEBUG] [org.gradle.launcher.daemon.server.DefaultIncomingConnectionHandler] Received finished message: org.gradle.launcher.daemon.protocol.Finished@5185ff68
2024-11-20T14:09:12.073+0100 [DEBUG] [org.gradle.launcher.daemon.server.SynchronizedDispatchConnection] thread 20: stopping connection
2024-11-20T14:09:12.074+0100 [DEBUG] [org.gradle.internal.remote.internal.inet.SocketConnection] Discarding EOFException: java.io.EOFException
2024-11-20T14:09:12.085+0100 [DEBUG] [org.gradle.launcher.daemon.server.SynchronizedDispatchConnection] thread 21: received null
2024-11-20T14:09:12.086+0100 [DEBUG] [org.gradle.launcher.daemon.server.DefaultDaemonConnection] thread 21: Received end-of-input from client.
2024-11-20T14:09:12.087+0100 [DEBUG] [org.gradle.launcher.daemon.server.SynchronizedDispatchConnection] thread 20: stopping connection
2024-11-20T14:09:14.960+0100 [DEBUG] [org.gradle.cache.internal.DefaultFileLockManager] Waiting to acquire shared lock on daemon addresses registry.
2024-11-20T14:09:14.962+0100 [DEBUG] [org.gradle.cache.internal.DefaultFileLockManager] Lock acquired on daemon addresses registry.
2024-11-20T14:09:14.963+0100 [DEBUG] [org.gradle.cache.internal.DefaultFileLockManager] Releasing lock on daemon addresses registry.
2024-11-20T14:09:14.964+0100 [DEBUG] [org.gradle.cache.internal.DefaultFileLockManager] Waiting to acquire shared lock on daemon addresses registry.
2024-11-20T14:09:14.964+0100 [DEBUG] [org.gradle.cache.internal.DefaultFileLockManager] Lock acquired on daemon addresses registry.
2024-11-20T14:09:14.965+0100 [DEBUG] [org.gradle.cache.internal.DefaultFileLockManager] Releasing lock on daemon addresses registry.
2024-11-20T14:09:24.957+0100 [DEBUG] [org.gradle.cache.internal.DefaultFileLockManager] Waiting to acquire shared lock on daemon addresses registry.
2024-11-20T14:09:24.960+0100 [DEBUG] [org.gradle.cache.internal.DefaultFileLockManager] Lock acquired on daemon addresses registry.
2024-11-20T14:09:24.961+0100 [DEBUG] [org.gradle.cache.internal.DefaultFileLockManager] Releasing lock on daemon addresses registry.
2024-11-20T14:09:24.962+0100 [DEBUG] [org.gradle.cache.internal.DefaultFileLockManager] Waiting to acquire shared lock on daemon addresses registry.
2024-11-20T14:09:24.962+0100 [DEBUG] [org.gradle.cache.internal.DefaultFileLockManager] Lock acquired on daemon addresses registry.
2024-11-20T14:09:24.962+0100 [DEBUG] [org.gradle.cache.internal.DefaultFileLockManager] Releasing lock on daemon addresses registry.
2024-11-20T14:09:24.963+0100 [DEBUG] [org.gradle.cache.internal.DefaultFileLockManager] Waiting to acquire shared lock on daemon addresses registry.
2024-11-20T14:09:24.963+0100 [DEBUG] [org.gradle.cache.internal.DefaultFileLockManager] Lock acquired on daemon addresses registry.
2024-11-20T14:09:24.963+0100 [DEBUG] [org.gradle.cache.internal.DefaultFileLockManager] Releasing lock on daemon addresses registry.
2024-11-20T14:09:28.075+0100 [DEBUG] [org.gradle.internal.remote.internal.inet.TcpIncomingConnector] Accepted connection from /127.0.0.1:56266 to /127.0.0.1:56195.
2024-11-20T14:09:28.079+0100 [DEBUG] [org.gradle.launcher.daemon.server.SynchronizedDispatchConnection] thread 134: received class org.gradle.launcher.daemon.protocol.Build
2024-11-20T14:09:28.079+0100 [DEBUG] [org.gradle.launcher.daemon.server.DefaultDaemonConnection] thread 134: Received non-IO message from client: Build{id=6773ee8d-fb23-4227-8a60-39f50355a038, currentDir=/Users/lipasava/Desktop/EjemploJuegoPiratas}
2024-11-20T14:09:28.079+0100 [INFO] [org.gradle.launcher.daemon.server.DefaultIncomingConnectionHandler] Received command: Build{id=6773ee8d-fb23-4227-8a60-39f50355a038, currentDir=/Users/lipasava/Desktop/EjemploJuegoPiratas}.
2024-11-20T14:09:28.079+0100 [DEBUG] [org.gradle.launcher.daemon.server.DefaultIncomingConnectionHandler] Starting executing command: Build{id=6773ee8d-fb23-4227-8a60-39f50355a038, currentDir=/Users/lipasava/Desktop/EjemploJuegoPiratas} with connection: socket connection from /127.0.0.1:56195 to /127.0.0.1:56266.
2024-11-20T14:09:28.080+0100 [DEBUG] [org.gradle.launcher.daemon.server.DaemonStateCoordinator] Command execution: started DaemonCommandExecution[command = Build{id=6773ee8d-fb23-4227-8a60-39f50355a038, currentDir=/Users/lipasava/Desktop/EjemploJuegoPiratas}, connection = DefaultDaemonConnection: socket connection from /127.0.0.1:56195 to /127.0.0.1:56266] after 0.0 minutes of idle
2024-11-20T14:09:28.080+0100 [INFO] [org.gradle.launcher.daemon.server.DaemonRegistryUpdater] Marking the daemon as busy, address: [2c6de5fc-c19a-43ec-88ba-8249fdcbadd1 port:56195, addresses:[localhost/127.0.0.1]]
2024-11-20T14:09:28.081+0100 [DEBUG] [org.gradle.launcher.daemon.registry.PersistentDaemonRegistry] Marking busy by address: [2c6de5fc-c19a-43ec-88ba-8249fdcbadd1 port:56195, addresses:[localhost/127.0.0.1]]
2024-11-20T14:09:28.081+0100 [DEBUG] [org.gradle.cache.internal.DefaultFileLockManager] Waiting to acquire exclusive lock on daemon addresses registry.
2024-11-20T14:09:28.081+0100 [DEBUG] [org.gradle.cache.internal.DefaultFileLockManager] Lock acquired on daemon addresses registry.
2024-11-20T14:09:28.082+0100 [DEBUG] [org.gradle.cache.internal.DefaultFileLockManager] Releasing lock on daemon addresses registry.
2024-11-20T14:09:28.082+0100 [DEBUG] [org.gradle.launcher.daemon.server.DaemonStateCoordinator] resetting idle timer
2024-11-20T14:09:28.082+0100 [INFO] [org.gradle.launcher.daemon.server.exec.StartBuildOrRespondWithBusy] Daemon is about to start building Build{id=6773ee8d-fb23-4227-8a60-39f50355a038, currentDir=/Users/lipasava/Desktop/EjemploJuegoPiratas}. Dispatching build started information...
2024-11-20T14:09:28.082+0100 [DEBUG] [org.gradle.launcher.daemon.server.SynchronizedDispatchConnection] thread 23: dispatching org.gradle.launcher.daemon.protocol.BuildStarted@44838a65
2024-11-20T14:09:28.083+0100 [DEBUG] [org.gradle.launcher.daemon.server.DaemonStateCoordinator] daemon is running. Sleeping until state changes.
2024-11-20T14:09:28.084+0100 [DEBUG] [org.gradle.launcher.daemon.server.exec.EstablishBuildEnvironment] Configuring env variables: [PATH, __CFBundleIdentifier, SHELL, IJ_RESTARTER_LOG, OLDPWD, USER, COMMAND_MODE, TMPDIR, SSH_AUTH_SOCK, XPC_FLAGS, __CF_USER_TEXT_ENCODING, LOGNAME, LC_CTYPE, XPC_SERVICE_NAME, HOME]
2024-11-20T14:09:28.085+0100 [DEBUG] [org.gradle.launcher.daemon.server.SynchronizedDispatchConnection] thread 134: received class org.gradle.launcher.daemon.protocol.CloseInput
2024-11-20T14:09:28.085+0100 [DEBUG] [org.gradle.launcher.daemon.server.DefaultDaemonConnection] thread 134: Received IO message from client: org.gradle.launcher.daemon.protocol.CloseInput@501cf6d6
2024-11-20T14:09:28.085+0100 [DEBUG] [org.gradle.launcher.daemon.server.exec.LogToClient] About to start relaying all logs to the client via the connection.
2024-11-20T14:09:28.085+0100 [INFO] [org.gradle.launcher.daemon.server.exec.LogToClient] The client will now receive all logging from the daemon (pid: 13160). The daemon log file: /Users/lipasava/Documents/Asignaturas/LDM/2024-2025/Mis Clases/Noviembre/Clase 201124/EjemploJuegoPiratas/gradle/daemon/8.7/daemon-13160.out.log
2024-11-20T14:09:28.089+0100 [INFO] [org.gradle.launcher.daemon.server.exec.LogAndCheckHealth] Starting 2nd build in daemon [uptime: 43.348 secs, performance: 100%, GC rate: 0.00/s, heap usage: 0% of 2 GiB]
2024-11-20T14:09:28.089+0100 [DEBUG] [org.gradle.launcher.daemon.server.exec.ExecuteBuild] The daemon has started executing the build.
2024-11-20T14:09:28.089+0100 [INFO] [org.gradle.launcher.daemon.server.exec.ForwardClientInput] Closing daemon's stdin at end of input.
2024-11-20T14:09:28.089+0100 [INFO] [org.gradle.launcher.daemon.server.exec.ForwardClientInput] The daemon will no longer process any standard input.
2024-11-20T14:09:28.089+0100 [DEBUG] [org.gradle.launcher.daemon.server.exec.ExecuteBuild] Executing build with daemon context: DefaultDaemonContext[uid=960df965-301b-49d8-8913-daaf30880ef9,javaHome=/Applications/Android Studio.app/Contents/jbr/Contents/Home,daemonRegistryDir=/Users/lipasava/Documents/Asignaturas/LDM/2024-2025/Mis Clases/Noviembre/Clase 201124/EjemploJuegoPiratas/gradle/daemon,pid=13160,idleTimeout=10800000,priority=NORMAL,applyInstrumentationAgent=true,daemonOpts=--add-opens=java.base/java.util=ALL-UNNAMED,--add-opens=java.base/java.lang=ALL-UNNAMED,--add-opens=java.base/java.lang.invoke=ALL-UNNAMED,--add-opens=java.prefs/java.util.prefs=ALL-UNNAMED,--add-opens=java.base/java.nio.charset=ALL-UNNAMED,--add-opens=java.base/java.net=ALL-UNNAMED,--add-opens=java.base/java.util.concurrent.atomic=ALL-UNNAMED,-Xmx2048m,-Dfile.encoding=UTF-8,-Duser.country=ES,-Duser.language=es,-Duser.variant]
AGPBI: {"kind":"warning","text":"The option setting 'android.defaults.buildfeatures.buildconfig=true' is deprecated.\nThe current default is 'false'.\nIt will be removed in version 9.0 of the Android Gradle plugin.\nTo keep using this feature, add the following to your module-level build.gradle files:\n    android.buildFeatures.buildConfig = true\nor from Android Studio, click: `Refactor` > `Migrate BuildConfig to Gradle Build Files`.","sources":[{}]}
Note: Some input files use or override a deprecated API.
Note: Recompile with -Xlint:deprecation for details.

BUILD SUCCESSFUL in 22s
30 actionable tasks: 30 executed
2024-11-20T14:09:50.520+0100 [DEBUG] [org.gradle.launcher.daemon.server.exec.ExecuteBuild] The daemon has finished executing the build.
2024-11-20T14:09:50.528+0100 [DEBUG] [org.gradle.launcher.daemon.server.DaemonStateCoordinator] Command execution: finished waiting for DaemonCommandExecution[command = Build{id=6773ee8d-fb23-4227-8a60-39f50355a038, currentDir=/Users/lipasava/Desktop/EjemploJuegoPiratas}, connection = DefaultDaemonConnection: socket connection from /127.0.0.1:56195 to /127.0.0.1:56266]. Result org.gradle.launcher.daemon.server.DaemonStateCoordinator@603d3202 with state Busy
2024-11-20T14:09:50.528+0100 [DEBUG] [org.gradle.launcher.daemon.server.DaemonStateCoordinator] Command execution: completed DaemonCommandExecution[command = Build{id=6773ee8d-fb23-4227-8a60-39f50355a038, currentDir=/Users/lipasava/Desktop/EjemploJuegoPiratas}, connection = DefaultDaemonConnection: socket connection from /127.0.0.1:56195 to /127.0.0.1:56266]
2024-11-20T14:09:50.529+0100 [DEBUG] [org.gradle.launcher.daemon.server.DaemonStateCoordinator] resetting idle timer
2024-11-20T14:09:50.529+0100 [INFO] [org.gradle.launcher.daemon.server.DaemonRegistryUpdater] Marking the daemon as idle, address: [2c6de5fc-c19a-43ec-88ba-8249fdcbadd1 port:56195, addresses:[localhost/127.0.0.1]]
2024-11-20T14:09:50.529+0100 [DEBUG] [org.gradle.launcher.daemon.registry.PersistentDaemonRegistry] Marking busy by address: [2c6de5fc-c19a-43ec-88ba-8249fdcbadd1 port:56195, addresses:[localhost/127.0.0.1]]
2024-11-20T14:09:50.530+0100 [DEBUG] [org.gradle.cache.internal.DefaultFileLockManager] Waiting to acquire exclusive lock on daemon addresses registry.
2024-11-20T14:09:50.531+0100 [DEBUG] [org.gradle.cache.internal.DefaultFileLockManager] Lock acquired on daemon addresses registry.
2024-11-20T14:09:50.533+0100 [DEBUG] [org.gradle.cache.internal.DefaultFileLockManager] Releasing lock on daemon addresses registry.
2024-11-20T14:09:50.533+0100 [DEBUG] [org.gradle.launcher.daemon.server.exec.ReturnResult] Daemon is dispatching the build result: Success[value=org.gradle.launcher.exec.BuildActionResult@51729da3]
2024-11-20T14:09:50.533+0100 [DEBUG] [org.gradle.launcher.daemon.server.DaemonStateCoordinator] daemon is running. Sleeping until state changes.
2024-11-20T14:09:50.533+0100 [DEBUG] [org.gradle.launcher.daemon.server.SynchronizedDispatchConnection] thread 20: dispatching Success[value=org.gradle.launcher.exec.BuildActionResult@51729da3]
2024-11-20T14:09:50.534+0100 [DEBUG] [org.gradle.launcher.daemon.server.exec.CleanUpVirtualFileSystemAfterBuild] Cleaning virtual file system after build finished
2024-11-20T14:09:50.534+0100 [DEBUG] [org.gradle.launcher.daemon.server.DefaultIncomingConnectionHandler] Finishing executing command: Build{id=6773ee8d-fb23-4227-8a60-39f50355a038, currentDir=/Users/lipasava/Desktop/EjemploJuegoPiratas}
2024-11-20T14:09:50.537+0100 [DEBUG] [org.gradle.launcher.daemon.server.SynchronizedDispatchConnection] thread 134: received class org.gradle.launcher.daemon.protocol.Finished
2024-11-20T14:09:50.540+0100 [DEBUG] [org.gradle.launcher.daemon.server.DefaultDaemonConnection] thread 134: Received non-IO message from client: org.gradle.launcher.daemon.protocol.Finished@5edb02a5
2024-11-20T14:09:50.541+0100 [DEBUG] [org.gradle.launcher.daemon.server.DefaultIncomingConnectionHandler] Received finished message: org.gradle.launcher.daemon.protocol.Finished@5edb02a5
2024-11-20T14:09:50.541+0100 [DEBUG] [org.gradle.launcher.daemon.server.SynchronizedDispatchConnection] thread 20: stopping connection
2024-11-20T14:09:50.543+0100 [DEBUG] [org.gradle.internal.remote.internal.inet.SocketConnection] Discarding EOFException: java.io.EOFException
2024-11-20T14:09:50.543+0100 [DEBUG] [org.gradle.launcher.daemon.server.SynchronizedDispatchConnection] thread 134: received null
2024-11-20T14:09:50.543+0100 [DEBUG] [org.gradle.launcher.daemon.server.DefaultDaemonConnection] thread 134: Received end-of-input from client.
2024-11-20T14:09:50.544+0100 [DEBUG] [org.gradle.launcher.daemon.server.SynchronizedDispatchConnection] thread 20: stopping connection
2024-11-20T14:09:54.954+0100 [DEBUG] [org.gradle.cache.internal.DefaultFileLockManager] Waiting to acquire shared lock on daemon addresses registry.
2024-11-20T14:09:54.955+0100 [DEBUG] [org.gradle.cache.internal.DefaultFileLockManager] Lock acquired on daemon addresses registry.
2024-11-20T14:09:54.956+0100 [DEBUG] [org.gradle.cache.internal.DefaultFileLockManager] Releasing lock on daemon addresses registry.
2024-11-20T14:09:54.959+0100 [DEBUG] [org.gradle.cache.internal.DefaultFileLockManager] Waiting to acquire shared lock on daemon addresses registry.
2024-11-20T14:09:54.959+0100 [DEBUG] [org.gradle.cache.internal.DefaultFileLockManager] Lock acquired on daemon addresses registry.
2024-11-20T14:09:54.960+0100 [DEBUG] [org.gradle.cache.internal.DefaultFileLockManager] Releasing lock on daemon addresses registry.
2024-11-20T14:10:04.958+0100 [DEBUG] [org.gradle.cache.internal.DefaultFileLockManager] Waiting to acquire shared lock on daemon addresses registry.
2024-11-20T14:10:04.961+0100 [DEBUG] [org.gradle.cache.internal.DefaultFileLockManager] Lock acquired on daemon addresses registry.
2024-11-20T14:10:04.962+0100 [DEBUG] [org.gradle.cache.internal.DefaultFileLockManager] Releasing lock on daemon addresses registry.
2024-11-20T14:10:04.963+0100 [DEBUG] [org.gradle.cache.internal.DefaultFileLockManager] Waiting to acquire shared lock on daemon addresses registry.
2024-11-20T14:10:04.963+0100 [DEBUG] [org.gradle.cache.internal.DefaultFileLockManager] Lock acquired on daemon addresses registry.
2024-11-20T14:10:04.964+0100 [DEBUG] [org.gradle.cache.internal.DefaultFileLockManager] Releasing lock on daemon addresses registry.
2024-11-20T14:10:04.964+0100 [DEBUG] [org.gradle.cache.internal.DefaultFileLockManager] Waiting to acquire shared lock on daemon addresses registry.
2024-11-20T14:10:04.964+0100 [DEBUG] [org.gradle.cache.internal.DefaultFileLockManager] Lock acquired on daemon addresses registry.
2024-11-20T14:10:04.965+0100 [DEBUG] [org.gradle.cache.internal.DefaultFileLockManager] Releasing lock on daemon addresses registry.
2024-11-20T14:10:14.959+0100 [DEBUG] [org.gradle.cache.internal.DefaultFileLockManager] Waiting to acquire shared lock on daemon addresses registry.
2024-11-20T14:10:14.960+0100 [DEBUG] [org.gradle.cache.internal.DefaultFileLockManager] Lock acquired on daemon addresses registry.
2024-11-20T14:10:14.960+0100 [DEBUG] [org.gradle.cache.internal.DefaultFileLockManager] Releasing lock on daemon addresses registry.
2024-11-20T14:10:14.960+0100 [DEBUG] [org.gradle.cache.internal.DefaultFileLockManager] Waiting to acquire shared lock on daemon addresses registry.
2024-11-20T14:10:14.961+0100 [DEBUG] [org.gradle.cache.internal.DefaultFileLockManager] Lock acquired on daemon addresses registry.
2024-11-20T14:10:14.961+0100 [DEBUG] [org.gradle.cache.internal.DefaultFileLockManager] Releasing lock on daemon addresses registry.
2024-11-20T14:10:14.961+0100 [DEBUG] [org.gradle.cache.internal.DefaultFileLockManager] Waiting to acquire shared lock on daemon addresses registry.
2024-11-20T14:10:14.961+0100 [DEBUG] [org.gradle.cache.internal.DefaultFileLockManager] Lock acquired on daemon addresses registry.
2024-11-20T14:10:14.961+0100 [DEBUG] [org.gradle.cache.internal.DefaultFileLockManager] Releasing lock on daemon addresses registry.
2024-11-20T14:10:24.960+0100 [DEBUG] [org.gradle.cache.internal.DefaultFileLockManager] Waiting to acquire shared lock on daemon addresses registry.
2024-11-20T14:10:24.961+0100 [DEBUG] [org.gradle.cache.internal.DefaultFileLockManager] Lock acquired on daemon addresses registry.
2024-11-20T14:10:24.962+0100 [DEBUG] [org.gradle.cache.internal.DefaultFileLockManager] Releasing lock on daemon addresses registry.
2024-11-20T14:10:24.963+0100 [DEBUG] [org.gradle.cache.internal.DefaultFileLockManager] Waiting to acquire shared lock on daemon addresses registry.
2024-11-20T14:10:24.963+0100 [DEBUG] [org.gradle.cache.internal.DefaultFileLockManager] Lock acquired on daemon addresses registry.
2024-11-20T14:10:24.964+0100 [DEBUG] [org.gradle.cache.internal.DefaultFileLockManager] Releasing lock on daemon addresses registry.
2024-11-20T14:10:24.965+0100 [DEBUG] [org.gradle.cache.internal.DefaultFileLockManager] Waiting to acquire shared lock on daemon addresses registry.
2024-11-20T14:10:24.966+0100 [DEBUG] [org.gradle.cache.internal.DefaultFileLockManager] Lock acquired on daemon addresses registry.
2024-11-20T14:10:24.967+0100 [DEBUG] [org.gradle.cache.internal.DefaultFileLockManager] Releasing lock on daemon addresses registry.
2024-11-20T14:10:34.964+0100 [DEBUG] [org.gradle.cache.internal.DefaultFileLockManager] Waiting to acquire shared lock on daemon addresses registry.
2024-11-20T14:10:34.966+0100 [DEBUG] [org.gradle.cache.internal.DefaultFileLockManager] Lock acquired on daemon addresses registry.
2024-11-20T14:10:34.967+0100 [DEBUG] [org.gradle.cache.internal.DefaultFileLockManager] Releasing lock on daemon addresses registry.
2024-11-20T14:10:34.968+0100 [DEBUG] [org.gradle.cache.internal.DefaultFileLockManager] Waiting to acquire shared lock on daemon addresses registry.
2024-11-20T14:10:34.968+0100 [DEBUG] [org.gradle.cache.internal.DefaultFileLockManager] Lock acquired on daemon addresses registry.
2024-11-20T14:10:34.969+0100 [DEBUG] [org.gradle.cache.internal.DefaultFileLockManager] Releasing lock on daemon addresses registry.
2024-11-20T14:10:34.969+0100 [DEBUG] [org.gradle.cache.internal.DefaultFileLockManager] Waiting to acquire shared lock on daemon addresses registry.
2024-11-20T14:10:34.969+0100 [DEBUG] [org.gradle.cache.internal.DefaultFileLockManager] Lock acquired on daemon addresses registry.
2024-11-20T14:10:34.970+0100 [DEBUG] [org.gradle.cache.internal.DefaultFileLockManager] Releasing lock on daemon addresses registry.
2024-11-20T14:10:44.956+0100 [DEBUG] [org.gradle.cache.internal.DefaultFileLockManager] Waiting to acquire shared lock on daemon addresses registry.
2024-11-20T14:10:44.956+0100 [DEBUG] [org.gradle.cache.internal.DefaultFileLockManager] Lock acquired on daemon addresses registry.
2024-11-20T14:10:44.957+0100 [DEBUG] [org.gradle.cache.internal.DefaultFileLockManager] Releasing lock on daemon addresses registry.
2024-11-20T14:10:44.957+0100 [DEBUG] [org.gradle.cache.internal.DefaultFileLockManager] Waiting to acquire shared lock on daemon addresses registry.
2024-11-20T14:10:44.957+0100 [DEBUG] [org.gradle.cache.internal.DefaultFileLockManager] Lock acquired on daemon addresses registry.
2024-11-20T14:10:44.958+0100 [DEBUG] [org.gradle.cache.internal.DefaultFileLockManager] Releasing lock on daemon addresses registry.
2024-11-20T14:10:44.958+0100 [DEBUG] [org.gradle.cache.internal.DefaultFileLockManager] Waiting to acquire shared lock on daemon addresses registry.
2024-11-20T14:10:44.959+0100 [DEBUG] [org.gradle.cache.internal.DefaultFileLockManager] Lock acquired on daemon addresses registry.
2024-11-20T14:10:44.959+0100 [DEBUG] [org.gradle.cache.internal.DefaultFileLockManager] Releasing lock on daemon addresses registry.
2024-11-20T14:10:49.064+0100 [DEBUG] [org.gradle.internal.remote.internal.inet.TcpIncomingConnector] Accepted connection from /127.0.0.1:56354 to /127.0.0.1:56195.
2024-11-20T14:10:49.200+0100 [DEBUG] [org.gradle.launcher.daemon.server.SynchronizedDispatchConnection] thread 277: received class org.gradle.launcher.daemon.protocol.StopWhenIdle
2024-11-20T14:10:49.201+0100 [DEBUG] [org.gradle.launcher.daemon.server.DefaultDaemonConnection] thread 277: Received non-IO message from client: StopWhenIdle[id=1d554b99-bdd3-474a-8f13-8f52aa0e82d6]
2024-11-20T14:10:49.202+0100 [INFO] [org.gradle.launcher.daemon.server.DefaultIncomingConnectionHandler] Received command: StopWhenIdle[id=1d554b99-bdd3-474a-8f13-8f52aa0e82d6].
2024-11-20T14:10:49.202+0100 [DEBUG] [org.gradle.launcher.daemon.server.DefaultIncomingConnectionHandler] Starting executing command: StopWhenIdle[id=1d554b99-bdd3-474a-8f13-8f52aa0e82d6] with connection: socket connection from /127.0.0.1:56195 to /127.0.0.1:56354.
2024-11-20T14:10:49.207+0100 [DEBUG] [org.gradle.launcher.daemon.server.DaemonRegistryUpdater] Storing daemon stop event: stop command received
2024-11-20T14:10:49.207+0100 [DEBUG] [org.gradle.launcher.daemon.registry.PersistentDaemonRegistry] Storing daemon stop event with timestamp 1732108249207
2024-11-20T14:10:49.213+0100 [DEBUG] [org.gradle.cache.internal.DefaultFileLockManager] Waiting to acquire exclusive lock on daemon addresses registry.
2024-11-20T14:10:49.214+0100 [DEBUG] [org.gradle.cache.internal.DefaultFileLockManager] Lock acquired on daemon addresses registry.
2024-11-20T14:10:49.218+0100 [DEBUG] [org.gradle.cache.internal.DefaultFileLockManager] Releasing lock on daemon addresses registry.
2024-11-20T14:10:49.218+0100 [LIFECYCLE] [org.gradle.launcher.daemon.server.DaemonStateCoordinator] Daemon will be stopped at the end of the build stop command received
2024-11-20T14:10:49.218+0100 [DEBUG] [org.gradle.launcher.daemon.server.DaemonStateCoordinator] Marking daemon stopped due to stop command received. The daemon is running a build: false
2024-11-20T14:10:49.218+0100 [DEBUG] [org.gradle.launcher.daemon.server.SynchronizedDispatchConnection] thread 20: dispatching Success[value=null]
2024-11-20T14:10:49.218+0100 [DEBUG] [org.gradle.launcher.daemon.server.DaemonStateCoordinator] daemon has stopped.
2024-11-20T14:10:49.219+0100 [DEBUG] [org.gradle.launcher.daemon.server.DefaultIncomingConnectionHandler] Finishing executing command: StopWhenIdle[id=1d554b99-bdd3-474a-8f13-8f52aa0e82d6]
2024-11-20T14:10:49.219+0100 [DEBUG] [org.gradle.launcher.daemon.server.Daemon] stop() called on daemon
2024-11-20T14:10:49.219+0100 [INFO] [org.gradle.launcher.daemon.server.Daemon] Stop requested. Daemon is removing its presence from the registry...
2024-11-20T14:10:49.220+0100 [DEBUG] [org.gradle.launcher.daemon.server.SynchronizedDispatchConnection] thread 277: received class org.gradle.launcher.daemon.protocol.Finished
2024-11-20T14:10:49.220+0100 [DEBUG] [org.gradle.launcher.daemon.server.DefaultDaemonConnection] thread 277: Received non-IO message from client: org.gradle.launcher.daemon.protocol.Finished@204a8700
2024-11-20T14:10:49.220+0100 [DEBUG] [org.gradle.launcher.daemon.server.DefaultIncomingConnectionHandler] Received finished message: org.gradle.launcher.daemon.protocol.Finished@204a8700
2024-11-20T14:10:49.220+0100 [DEBUG] [org.gradle.launcher.daemon.server.SynchronizedDispatchConnection] thread 20: stopping connection
2024-11-20T14:10:49.221+0100 [DEBUG] [org.gradle.launcher.daemon.server.DaemonRegistryUpdater] Removing our presence to clients, eg. removing this address from the registry: [2c6de5fc-c19a-43ec-88ba-8249fdcbadd1 port:56195, addresses:[localhost/127.0.0.1]]
2024-11-20T14:10:49.221+0100 [DEBUG] [org.gradle.launcher.daemon.registry.PersistentDaemonRegistry] Removing daemon address: [2c6de5fc-c19a-43ec-88ba-8249fdcbadd1 port:56195, addresses:[localhost/127.0.0.1]]
2024-11-20T14:10:49.224+0100 [DEBUG] [org.gradle.cache.internal.DefaultFileLockManager] Waiting to acquire exclusive lock on daemon addresses registry.
2024-11-20T14:10:49.224+0100 [DEBUG] [org.gradle.cache.internal.DefaultFileLockManager] Lock acquired on daemon addresses registry.
2024-11-20T14:10:49.224+0100 [DEBUG] [org.gradle.internal.remote.internal.inet.SocketConnection] Discarding EOFException: java.io.EOFException
2024-11-20T14:10:49.225+0100 [DEBUG] [org.gradle.launcher.daemon.server.SynchronizedDispatchConnection] thread 277: received null
2024-11-20T14:10:49.225+0100 [DEBUG] [org.gradle.launcher.daemon.server.DefaultDaemonConnection] thread 277: Received end-of-input from client.
2024-11-20T14:10:49.226+0100 [DEBUG] [org.gradle.cache.internal.DefaultFileLockManager] Releasing lock on daemon addresses registry.
2024-11-20T14:10:49.227+0100 [DEBUG] [org.gradle.launcher.daemon.server.DaemonRegistryUpdater] Address removed from registry.
2024-11-20T14:10:49.227+0100 [DEBUG] [org.gradle.launcher.daemon.server.SynchronizedDispatchConnection] thread 20: stopping connection
2024-11-20T14:10:49.254+0100 [DEBUG] [org.gradle.cache.internal.LockOnDemandCrossProcessCacheAccess] Releasing file lock for jars (/Users/lipasava/Documents/Asignaturas/LDM/2024-2025/Mis Clases/Noviembre/Clase 201124/EjemploJuegoPiratas/gradle/caches/jars-9)
2024-11-20T14:10:49.256+0100 [DEBUG] [org.gradle.cache.internal.DefaultFileLockManager] Releasing lock on jars (/Users/lipasava/Documents/Asignaturas/LDM/2024-2025/Mis Clases/Noviembre/Clase 201124/EjemploJuegoPiratas/gradle/caches/jars-9).
2024-11-20T14:10:49.257+0100 [DEBUG] [org.gradle.cache.internal.DefaultPersistentDirectoryStore] jars (/Users/lipasava/Documents/Asignaturas/LDM/2024-2025/Mis Clases/Noviembre/Clase 201124/EjemploJuegoPiratas/gradle/caches/jars-9) has last been fully cleaned up 0 hours ago
2024-11-20T14:10:49.261+0100 [DEBUG] [org.gradle.cache.internal.LockOnDemandCrossProcessCacheAccess] Releasing file lock for file content cache (/Users/lipasava/Documents/Asignaturas/LDM/2024-2025/Mis Clases/Noviembre/Clase 201124/EjemploJuegoPiratas/gradle/caches/8.7/fileContent)
2024-11-20T14:10:49.261+0100 [DEBUG] [org.gradle.cache.internal.DefaultFileLockManager] Releasing lock on file content cache (/Users/lipasava/Documents/Asignaturas/LDM/2024-2025/Mis Clases/Noviembre/Clase 201124/EjemploJuegoPiratas/gradle/caches/8.7/fileContent).
2024-11-20T14:10:49.261+0100 [DEBUG] [org.gradle.internal.watch.vfs.impl.WatchingVirtualFileSystem] Closing VFS, dropping state
2024-11-20T14:10:49.268+0100 [DEBUG] [org.gradle.cache.internal.DefaultCacheCoordinator] Cache Generated Gradle JARs cache (/Users/lipasava/Documents/Asignaturas/LDM/2024-2025/Mis Clases/Noviembre/Clase 201124/EjemploJuegoPiratas/gradle/caches/8.7/generated-gradle-jars) was closed 0 times.
2024-11-20T14:10:49.268+0100 [DEBUG] [org.gradle.cache.internal.DefaultPersistentDirectoryStore] Artifact transforms cache (/Users/lipasava/Documents/Asignaturas/LDM/2024-2025/Mis Clases/Noviembre/Clase 201124/EjemploJuegoPiratas/gradle/caches/transforms-4) has last been fully cleaned up 0 hours ago
2024-11-20T14:10:49.269+0100 [DEBUG] [org.gradle.cache.internal.DefaultCacheCoordinator] Cache Artifact transforms cache (/Users/lipasava/Documents/Asignaturas/LDM/2024-2025/Mis Clases/Noviembre/Clase 201124/EjemploJuegoPiratas/gradle/caches/transforms-4) was closed 0 times.
2024-11-20T14:10:49.270+0100 [DEBUG] [org.gradle.cache.internal.LockOnDemandCrossProcessCacheAccess] Releasing file lock for artifact cache (/Users/lipasava/Documents/Asignaturas/LDM/2024-2025/Mis Clases/Noviembre/Clase 201124/EjemploJuegoPiratas/gradle/caches/modules-2)
2024-11-20T14:10:49.270+0100 [DEBUG] [org.gradle.internal.watch.registry.impl.DefaultFileWatcherRegistry] Finished listening to file system change events
2024-11-20T14:10:49.270+0100 [DEBUG] [org.gradle.cache.internal.btree.BTreePersistentIndexedCache] Closing cache module-artifact.bin (/Users/lipasava/Documents/Asignaturas/LDM/2024-2025/Mis Clases/Noviembre/Clase 201124/EjemploJuegoPiratas/gradle/caches/modules-2/metadata-2.106/module-artifact.bin)
2024-11-20T14:10:49.271+0100 [DEBUG] [org.gradle.cache.internal.btree.BTreePersistentIndexedCache] Closing cache resource-at-url.bin (/Users/lipasava/Documents/Asignaturas/LDM/2024-2025/Mis Clases/Noviembre/Clase 201124/EjemploJuegoPiratas/gradle/caches/modules-2/metadata-2.106/resource-at-url.bin)
2024-11-20T14:10:49.271+0100 [DEBUG] [org.gradle.cache.internal.btree.BTreePersistentIndexedCache] Closing cache module-metadata.bin (/Users/lipasava/Documents/Asignaturas/LDM/2024-2025/Mis Clases/Noviembre/Clase 201124/EjemploJuegoPiratas/gradle/caches/modules-2/metadata-2.106/module-metadata.bin)
2024-11-20T14:10:49.271+0100 [DEBUG] [org.gradle.cache.internal.btree.BTreePersistentIndexedCache] Closing cache module-artifacts.bin (/Users/lipasava/Documents/Asignaturas/LDM/2024-2025/Mis Clases/Noviembre/Clase 201124/EjemploJuegoPiratas/gradle/caches/modules-2/metadata-2.106/module-artifacts.bin)
2024-11-20T14:10:49.271+0100 [DEBUG] [org.gradle.cache.internal.DefaultFileLockManager] Releasing lock on artifact cache (/Users/lipasava/Documents/Asignaturas/LDM/2024-2025/Mis Clases/Noviembre/Clase 201124/EjemploJuegoPiratas/gradle/caches/modules-2).
2024-11-20T14:10:49.271+0100 [DEBUG] [org.gradle.cache.internal.DefaultPersistentDirectoryStore] artifact cache (/Users/lipasava/Documents/Asignaturas/LDM/2024-2025/Mis Clases/Noviembre/Clase 201124/EjemploJuegoPiratas/gradle/caches/modules-2) has last been fully cleaned up 0 hours ago
2024-11-20T14:10:49.273+0100 [DEBUG] [org.gradle.cache.internal.DefaultPersistentDirectoryStore] groovy-dsl (/Users/lipasava/Documents/Asignaturas/LDM/2024-2025/Mis Clases/Noviembre/Clase 201124/EjemploJuegoPiratas/gradle/caches/8.7/groovy-dsl) has last been fully cleaned up 0 hours ago
2024-11-20T14:10:49.275+0100 [DEBUG] [org.gradle.cache.internal.DefaultCacheCoordinator] Cache groovy-dsl (/Users/lipasava/Documents/Asignaturas/LDM/2024-2025/Mis Clases/Noviembre/Clase 201124/EjemploJuegoPiratas/gradle/caches/8.7/groovy-dsl) was closed 0 times.
2024-11-20T14:10:49.276+0100 [DEBUG] [org.gradle.cache.internal.LockOnDemandCrossProcessCacheAccess] Releasing file lock for journal cache (/Users/lipasava/Documents/Asignaturas/LDM/2024-2025/Mis Clases/Noviembre/Clase 201124/EjemploJuegoPiratas/gradle/caches/journal-1)
2024-11-20T14:10:49.277+0100 [DEBUG] [org.gradle.cache.internal.btree.BTreePersistentIndexedCache] Closing cache file-access.bin (/Users/lipasava/Documents/Asignaturas/LDM/2024-2025/Mis Clases/Noviembre/Clase 201124/EjemploJuegoPiratas/gradle/caches/journal-1/file-access.bin)
2024-11-20T14:10:49.290+0100 [DEBUG] [org.gradle.cache.internal.DefaultFileLockManager] Releasing lock on journal cache (/Users/lipasava/Documents/Asignaturas/LDM/2024-2025/Mis Clases/Noviembre/Clase 201124/EjemploJuegoPiratas/gradle/caches/journal-1).
2024-11-20T14:10:49.292+0100 [DEBUG] [org.gradle.cache.internal.LockOnDemandCrossProcessCacheAccess] Releasing file lock for file hash cache (/Users/lipasava/Documents/Asignaturas/LDM/2024-2025/Mis Clases/Noviembre/Clase 201124/EjemploJuegoPiratas/gradle/caches/8.7/fileHashes)
2024-11-20T14:10:49.309+0100 [DEBUG] [org.gradle.cache.internal.btree.BTreePersistentIndexedCache] Closing cache fileHashes.bin (/Users/lipasava/Documents/Asignaturas/LDM/2024-2025/Mis Clases/Noviembre/Clase 201124/EjemploJuegoPiratas/gradle/caches/8.7/fileHashes/fileHashes.bin)
2024-11-20T14:10:49.309+0100 [DEBUG] [org.gradle.cache.internal.btree.BTreePersistentIndexedCache] Closing cache resourceHashesCache.bin (/Users/lipasava/Documents/Asignaturas/LDM/2024-2025/Mis Clases/Noviembre/Clase 201124/EjemploJuegoPiratas/gradle/caches/8.7/fileHashes/resourceHashesCache.bin)
2024-11-20T14:10:49.309+0100 [DEBUG] [org.gradle.cache.internal.DefaultFileLockManager] Releasing lock on file hash cache (/Users/lipasava/Documents/Asignaturas/LDM/2024-2025/Mis Clases/Noviembre/Clase 201124/EjemploJuegoPiratas/gradle/caches/8.7/fileHashes).
2024-11-20T14:10:49.315+0100 [DEBUG] [org.gradle.cache.internal.LockOnDemandCrossProcessCacheAccess] Releasing file lock for Java compile cache (/Users/lipasava/Documents/Asignaturas/LDM/2024-2025/Mis Clases/Noviembre/Clase 201124/EjemploJuegoPiratas/gradle/caches/8.7/javaCompile)
2024-11-20T14:10:49.316+0100 [DEBUG] [org.gradle.cache.internal.btree.BTreePersistentIndexedCache] Closing cache jarAnalysis.bin (/Users/lipasava/Documents/Asignaturas/LDM/2024-2025/Mis Clases/Noviembre/Clase 201124/EjemploJuegoPiratas/gradle/caches/8.7/javaCompile/jarAnalysis.bin)
2024-11-20T14:10:49.316+0100 [DEBUG] [org.gradle.cache.internal.btree.BTreePersistentIndexedCache] Closing cache classAnalysis.bin (/Users/lipasava/Documents/Asignaturas/LDM/2024-2025/Mis Clases/Noviembre/Clase 201124/EjemploJuegoPiratas/gradle/caches/8.7/javaCompile/classAnalysis.bin)
2024-11-20T14:10:49.317+0100 [DEBUG] [org.gradle.cache.internal.DefaultFileLockManager] Releasing lock on Java compile cache (/Users/lipasava/Documents/Asignaturas/LDM/2024-2025/Mis Clases/Noviembre/Clase 201124/EjemploJuegoPiratas/gradle/caches/8.7/javaCompile).
Daemon vm is shutting down... The daemon has exited normally or was terminated in response to a user interrupt.
2024-11-20T14:10:49.324+0100 [DEBUG] [org.gradle.launcher.daemon.registry.PersistentDaemonRegistry] Removing daemon address: [2c6de5fc-c19a-43ec-88ba-8249fdcbadd1 port:56195, addresses:[localhost/127.0.0.1]]
2024-11-20T14:10:49.326+0100 [DEBUG] [org.gradle.cache.internal.DefaultFileLockManager] Waiting to acquire exclusive lock on daemon addresses registry.
2024-11-20T14:10:49.327+0100 [DEBUG] [org.gradle.cache.internal.DefaultFileLockManager] Lock acquired on daemon addresses registry.
2024-11-20T14:10:49.330+0100 [DEBUG] [org.gradle.cache.internal.DefaultFileLockManager] Releasing lock on daemon addresses registry.
